<?xml version="1.0" encoding="UTF-8"?>
<!-- Generated by org.testng.reporters.JUnitReportReporter -->
<testsuite hostname="DESKTOP-1A0K5DH" failures="0" tests="1" name="com.cvs.testrunner.TestRunner" time="0.230" errors="0" timestamp="15 Apr 2019 02:13:44 GMT" skipped="0">
  <testcase classname="com.cvs.testrunner.TestRunner" name="feature" time="0.230"/>
</testsuite> <!-- com.cvs.testrunner.TestRunner -->
